<mule xmlns="http://www.mulesoft.org/schema/mule/core"
      xmlns:xsi="http://www.w3.org/2001/XMLSchema-instance"
      xmlns:realredis="http://www.mulesoft.org/schema/mule/realredis"
      xsi:schemaLocation="http://www.mulesoft.org/schema/mule/core http://www.mulesoft.org/schema/mule/core/current/mule.xsd
          http://www.mulesoft.org/schema/mule/realredis http://www.mulesoft.org/schema/mule/realredis/current/mule-realredis.xsd">

    <realredis:config name="config" configId="configId">
        <realredis:connection requiredParameter="aValue" />
    </realredis:config>


</mule>
