<mule xmlns="http://www.mulesoft.org/schema/mule/core"
      xmlns:xsi="http://www.w3.org/2001/XMLSchema-instance"
      xmlns:lettuce="http://www.mulesoft.org/schema/mule/lettuce"
      xsi:schemaLocation="http://www.mulesoft.org/schema/mule/core http://www.mulesoft.org/schema/mule/core/current/mule.xsd
          http://www.mulesoft.org/schema/mule/lettuce http://www.mulesoft.org/schema/mule/lettuce/current/mule-lettuce.xsd">

    <lettuce:config name="config" >
        <lettuce:connection host="x" port="6379" password="x"/>
    </lettuce:config>


</mule>
